<?xml version="1.0" encoding="UTF-8"?>
<testng-results skipped="0" failed="0" total="2" passed="2">
  <reporter-output>
  </reporter-output>
  <suite name="Default suite" duration-ms="69" started-at="2019-11-16T12:50:35Z" finished-at="2019-11-16T12:50:35Z">
    <groups>
    </groups>
    <test name="Default test" duration-ms="69" started-at="2019-11-16T12:50:35Z" finished-at="2019-11-16T12:50:35Z">
      <class name="JenkinsDemo.NewTest">
        <test-method status="PASS" signature="launchBrowser()[pri:0, instance:JenkinsDemo.NewTest@75bd9247]" name="launchBrowser" duration-ms="29" started-at="2019-11-16T18:20:35Z" finished-at="2019-11-16T18:20:35Z">
          <reporter-output>
          </reporter-output>
        </test-method> <!-- launchBrowser -->
        <test-method status="PASS" signature="launchBrowser1()[pri:0, instance:JenkinsDemo.NewTest@75bd9247]" name="launchBrowser1" duration-ms="2" started-at="2019-11-16T18:20:35Z" finished-at="2019-11-16T18:20:35Z">
          <reporter-output>
          </reporter-output>
        </test-method> <!-- launchBrowser1 -->
      </class> <!-- JenkinsDemo.NewTest -->
    </test> <!-- Default test -->
  </suite> <!-- Default suite -->
</testng-results>
